<?xml version="1.0" encoding="UTF-8" ?>
<testsuite tests="1" failures="0" name="com.topsec.ti.zxg.support.BitFieldHelperTest" time="0.005" errors="0" skipped="0">
  <properties>
    <property name="idea.version" value="15.0.2"/>
    <property name="java.runtime.name" value="Java(TM) SE Runtime Environment"/>
    <property name="sun.boot.library.path" value="C:\Program Files (x86)\Java\jdk1.8.0_65\jre\bin"/>
    <property name="java.vm.version" value="25.65-b01"/>
    <property name="java.vm.vendor" value="Oracle Corporation"/>
    <property name="java.vendor.url" value="http://java.oracle.com/"/>
    <property name="path.separator" value=";"/>
    <property name="java.vm.name" value="Java HotSpot(TM) Client VM"/>
    <property name="file.encoding.pkg" value="sun.io"/>
    <property name="user.script" value=""/>
    <property name="user.country" value="CN"/>
    <property name="sun.java.launcher" value="SUN_STANDARD"/>
    <property name="sun.os.patch.level" value=""/>
    <property name="java.vm.specification.name" value="Java Virtual Machine Specification"/>
    <property name="user.dir" value="D:\MinistryofEducation\DataAnalysis\newWork\newtest\myApp"/>
    <property name="java.runtime.version" value="1.8.0_65-b17"/>
    <property name="java.awt.graphicsenv" value="sun.awt.Win32GraphicsEnvironment"/>
    <property name="basedir" value="D:\MinistryofEducation\DataAnalysis\newWork\newtest\myApp"/>
    <property name="java.endorsed.dirs" value="C:\Program Files (x86)\Java\jdk1.8.0_65\jre\lib\endorsed"/>
    <property name="os.arch" value="x86"/>
    <property name="surefire.real.class.path" value="D:\MinistryofEducation\DataAnalysis\newWork\newtest\myApp\target\surefire\surefirebooter6425947739223320337.jar"/>
    <property name="java.io.tmpdir" value="C:\Users\zhang\AppData\Local\Temp\"/>
    <property name="line.separator" value="
"/>
    <property name="java.vm.specification.vendor" value="Oracle Corporation"/>
    <property name="user.variant" value=""/>
    <property name="os.name" value="Windows 10"/>
    <property name="sun.jnu.encoding" value="GBK"/>
    <property name="java.library.path" value="C:\Program Files (x86)\Java\jdk1.8.0_65\jre\bin;C:\WINDOWS\Sun\Java\bin;C:\WINDOWS\system32;C:\WINDOWS;D:\app\zhang\product\11.1.0\db_1\bin;C:\Program Files (x86)\Intel\iCLS Client\;C:\Program Files\Intel\iCLS Client\;C:\Windows\system32;C:\Windows;C:\Windows\System32\Wbem;C:\Windows\System32\WindowsPowerShell\v1.0\;C:\Program Files (x86)\Intel\Intel(R) Management Engine Components\DAL;C:\Program Files\Intel\Intel(R) Management Engine Components\DAL;C:\Program Files (x86)\Intel\Intel(R) Management Engine Components\IPT;C:\Program Files\Intel\Intel(R) Management Engine Components\IPT;C:\Program Files (x86)\NVIDIA Corporation\PhysX\Common;D:\常用工作软件\jdk1.8-64\jdk1.8.0_144\bin;C:\mySoftware\svn1.8\bin;D:\MinistryofEducation\apache-maven-3.5.0\bin;C:\WINDOWS\system32;C:\WINDOWS;C:\WINDOWS\System32\Wbem;C:\WINDOWS\System32\WindowsPowerShell\v1.0\;C:\Users\zhang\AppData\Local\Microsoft\WindowsApps;;."/>
    <property name="surefire.test.class.path" value="D:\MinistryofEducation\DataAnalysis\newWork\newtest\myApp\target\test-classes;D:\MinistryofEducation\DataAnalysis\newWork\newtest\myApp\target\classes;D:\MinistryofEducation\apache-maven-3.5.0\.m2\repository\com\topsec\tsm\topsec-tsmbase\1.0\topsec-tsmbase-1.0.jar;D:\MinistryofEducation\apache-maven-3.5.0\.m2\repository\org\springframework\boot\spring-boot-starter-web\1.5.9.RELEASE\spring-boot-starter-web-1.5.9.RELEASE.jar;D:\MinistryofEducation\apache-maven-3.5.0\.m2\repository\org\springframework\boot\spring-boot-starter\1.3.6.RELEASE\spring-boot-starter-1.3.6.RELEASE.jar;D:\MinistryofEducation\apache-maven-3.5.0\.m2\repository\org\springframework\boot\spring-boot-starter-logging\1.3.6.RELEASE\spring-boot-starter-logging-1.3.6.RELEASE.jar;D:\MinistryofEducation\apache-maven-3.5.0\.m2\repository\ch\qos\logback\logback-classic\1.1.7\logback-classic-1.1.7.jar;D:\MinistryofEducation\apache-maven-3.5.0\.m2\repository\ch\qos\logback\logback-core\1.1.7\logback-core-1.1.7.jar;D:\MinistryofEducation\apache-maven-3.5.0\.m2\repository\org\slf4j\jul-to-slf4j\1.7.21\jul-to-slf4j-1.7.21.jar;D:\MinistryofEducation\apache-maven-3.5.0\.m2\repository\org\slf4j\log4j-over-slf4j\1.7.21\log4j-over-slf4j-1.7.21.jar;D:\MinistryofEducation\apache-maven-3.5.0\.m2\repository\org\yaml\snakeyaml\1.16\snakeyaml-1.16.jar;D:\MinistryofEducation\apache-maven-3.5.0\.m2\repository\org\hibernate\hibernate-validator\5.2.4.Final\hibernate-validator-5.2.4.Final.jar;D:\MinistryofEducation\apache-maven-3.5.0\.m2\repository\javax\validation\validation-api\1.1.0.Final\validation-api-1.1.0.Final.jar;D:\MinistryofEducation\apache-maven-3.5.0\.m2\repository\org\jboss\logging\jboss-logging\3.3.0.Final\jboss-logging-3.3.0.Final.jar;D:\MinistryofEducation\apache-maven-3.5.0\.m2\repository\com\fasterxml\jackson\core\jackson-databind\2.6.7\jackson-databind-2.6.7.jar;D:\MinistryofEducation\apache-maven-3.5.0\.m2\repository\com\fasterxml\jackson\core\jackson-annotations\2.6.7\jackson-annotations-2.6.7.jar;D:\MinistryofEducation\apache-maven-3.5.0\.m2\repository\com\fasterxml\jackson\core\jackson-core\2.6.7\jackson-core-2.6.7.jar;D:\MinistryofEducation\apache-maven-3.5.0\.m2\repository\org\springframework\spring-web\4.2.7.RELEASE\spring-web-4.2.7.RELEASE.jar;D:\MinistryofEducation\apache-maven-3.5.0\.m2\repository\org\springframework\spring-beans\4.2.7.RELEASE\spring-beans-4.2.7.RELEASE.jar;D:\MinistryofEducation\apache-maven-3.5.0\.m2\repository\org\springframework\spring-webmvc\4.2.7.RELEASE\spring-webmvc-4.2.7.RELEASE.jar;D:\MinistryofEducation\apache-maven-3.5.0\.m2\repository\org\springframework\spring-expression\4.2.7.RELEASE\spring-expression-4.2.7.RELEASE.jar;D:\MinistryofEducation\apache-maven-3.5.0\.m2\repository\commons-beanutils\commons-beanutils\1.9.2\commons-beanutils-1.9.2.jar;D:\MinistryofEducation\apache-maven-3.5.0\.m2\repository\org\springframework\boot\spring-boot-starter-data-jpa\1.3.6.RELEASE\spring-boot-starter-data-jpa-1.3.6.RELEASE.jar;D:\MinistryofEducation\apache-maven-3.5.0\.m2\repository\org\springframework\boot\spring-boot-starter-aop\1.3.6.RELEASE\spring-boot-starter-aop-1.3.6.RELEASE.jar;D:\MinistryofEducation\apache-maven-3.5.0\.m2\repository\org\aspectj\aspectjweaver\1.8.9\aspectjweaver-1.8.9.jar;D:\MinistryofEducation\apache-maven-3.5.0\.m2\repository\org\springframework\boot\spring-boot-starter-jdbc\1.3.6.RELEASE\spring-boot-starter-jdbc-1.3.6.RELEASE.jar;D:\MinistryofEducation\apache-maven-3.5.0\.m2\repository\org\apache\tomcat\tomcat-jdbc\8.0.36\tomcat-jdbc-8.0.36.jar;D:\MinistryofEducation\apache-maven-3.5.0\.m2\repository\org\apache\tomcat\tomcat-juli\8.0.36\tomcat-juli-8.0.36.jar;D:\MinistryofEducation\apache-maven-3.5.0\.m2\repository\org\springframework\spring-jdbc\4.2.7.RELEASE\spring-jdbc-4.2.7.RELEASE.jar;D:\MinistryofEducation\apache-maven-3.5.0\.m2\repository\org\hibernate\hibernate-entitymanager\4.3.11.Final\hibernate-entitymanager-4.3.11.Final.jar;D:\MinistryofEducation\apache-maven-3.5.0\.m2\repository\org\jboss\logging\jboss-logging-annotations\1.2.0.Beta1\jboss-logging-annotations-1.2.0.Beta1.jar;D:\MinistryofEducation\apache-maven-3.5.0\.m2\repository\org\hibernate\hibernate-core\4.3.11.Final\hibernate-core-4.3.11.Final.jar;D:\MinistryofEducation\apache-maven-3.5.0\.m2\repository\antlr\antlr\2.7.7\antlr-2.7.7.jar;D:\MinistryofEducation\apache-maven-3.5.0\.m2\repository\org\jboss\jandex\1.1.0.Final\jandex-1.1.0.Final.jar;D:\MinistryofEducation\apache-maven-3.5.0\.m2\repository\dom4j\dom4j\1.6.1\dom4j-1.6.1.jar;D:\MinistryofEducation\apache-maven-3.5.0\.m2\repository\xml-apis\xml-apis\1.0.b2\xml-apis-1.0.b2.jar;D:\MinistryofEducation\apache-maven-3.5.0\.m2\repository\org\hibernate\common\hibernate-commons-annotations\4.0.5.Final\hibernate-commons-annotations-4.0.5.Final.jar;D:\MinistryofEducation\apache-maven-3.5.0\.m2\repository\org\hibernate\javax\persistence\hibernate-jpa-2.1-api\1.0.0.Final\hibernate-jpa-2.1-api-1.0.0.Final.jar;D:\MinistryofEducation\apache-maven-3.5.0\.m2\repository\org\javassist\javassist\3.18.1-GA\javassist-3.18.1-GA.jar;D:\MinistryofEducation\apache-maven-3.5.0\.m2\repository\javax\transaction\javax.transaction-api\1.2\javax.transaction-api-1.2.jar;D:\MinistryofEducation\apache-maven-3.5.0\.m2\repository\org\springframework\data\spring-data-jpa\1.9.4.RELEASE\spring-data-jpa-1.9.4.RELEASE.jar;D:\MinistryofEducation\apache-maven-3.5.0\.m2\repository\org\springframework\data\spring-data-commons\1.11.4.RELEASE\spring-data-commons-1.11.4.RELEASE.jar;D:\MinistryofEducation\apache-maven-3.5.0\.m2\repository\org\springframework\spring-orm\4.2.7.RELEASE\spring-orm-4.2.7.RELEASE.jar;D:\MinistryofEducation\apache-maven-3.5.0\.m2\repository\org\springframework\spring-tx\4.2.7.RELEASE\spring-tx-4.2.7.RELEASE.jar;D:\MinistryofEducation\apache-maven-3.5.0\.m2\repository\org\slf4j\jcl-over-slf4j\1.7.21\jcl-over-slf4j-1.7.21.jar;D:\MinistryofEducation\apache-maven-3.5.0\.m2\repository\org\springframework\spring-aspects\4.2.7.RELEASE\spring-aspects-4.2.7.RELEASE.jar;D:\MinistryofEducation\apache-maven-3.5.0\.m2\repository\org\springframework\boot\spring-boot-starter-websocket\1.3.6.RELEASE\spring-boot-starter-websocket-1.3.6.RELEASE.jar;D:\MinistryofEducation\apache-maven-3.5.0\.m2\repository\org\springframework\spring-messaging\4.2.7.RELEASE\spring-messaging-4.2.7.RELEASE.jar;D:\MinistryofEducation\apache-maven-3.5.0\.m2\repository\org\springframework\spring-websocket\4.2.7.RELEASE\spring-websocket-4.2.7.RELEASE.jar;D:\MinistryofEducation\apache-maven-3.5.0\.m2\repository\org\springframework\boot\spring-boot-actuator\1.3.6.RELEASE\spring-boot-actuator-1.3.6.RELEASE.jar;D:\MinistryofEducation\apache-maven-3.5.0\.m2\repository\org\springframework\boot\spring-boot\1.3.6.RELEASE\spring-boot-1.3.6.RELEASE.jar;D:\MinistryofEducation\apache-maven-3.5.0\.m2\repository\org\springframework\boot\spring-boot-autoconfigure\1.3.6.RELEASE\spring-boot-autoconfigure-1.3.6.RELEASE.jar;D:\MinistryofEducation\apache-maven-3.5.0\.m2\repository\org\springframework\spring-core\4.2.7.RELEASE\spring-core-4.2.7.RELEASE.jar;D:\MinistryofEducation\apache-maven-3.5.0\.m2\repository\org\springframework\spring-context\4.2.7.RELEASE\spring-context-4.2.7.RELEASE.jar;D:\MinistryofEducation\apache-maven-3.5.0\.m2\repository\org\springframework\boot\spring-boot-starter-security\1.3.6.RELEASE\spring-boot-starter-security-1.3.6.RELEASE.jar;D:\MinistryofEducation\apache-maven-3.5.0\.m2\repository\org\springframework\spring-aop\4.2.7.RELEASE\spring-aop-4.2.7.RELEASE.jar;D:\MinistryofEducation\apache-maven-3.5.0\.m2\repository\aopalliance\aopalliance\1.0\aopalliance-1.0.jar;D:\MinistryofEducation\apache-maven-3.5.0\.m2\repository\org\springframework\security\spring-security-config\4.2.3.RELEASE\spring-security-config-4.2.3.RELEASE.jar;D:\MinistryofEducation\apache-maven-3.5.0\.m2\repository\org\springframework\security\spring-security-core\4.2.3.RELEASE\spring-security-core-4.2.3.RELEASE.jar;D:\MinistryofEducation\apache-maven-3.5.0\.m2\repository\org\springframework\security\spring-security-web\4.2.3.RELEASE\spring-security-web-4.2.3.RELEASE.jar;D:\MinistryofEducation\apache-maven-3.5.0\.m2\repository\org\springframework\boot\spring-boot-starter-test\1.3.6.RELEASE\spring-boot-starter-test-1.3.6.RELEASE.jar;D:\MinistryofEducation\apache-maven-3.5.0\.m2\repository\org\mockito\mockito-core\1.10.19\mockito-core-1.10.19.jar;D:\MinistryofEducation\apache-maven-3.5.0\.m2\repository\org\objenesis\objenesis\2.1\objenesis-2.1.jar;D:\MinistryofEducation\apache-maven-3.5.0\.m2\repository\org\hamcrest\hamcrest-core\1.3\hamcrest-core-1.3.jar;D:\MinistryofEducation\apache-maven-3.5.0\.m2\repository\org\hamcrest\hamcrest-library\1.3\hamcrest-library-1.3.jar;D:\MinistryofEducation\apache-maven-3.5.0\.m2\repository\org\springframework\spring-test\4.2.7.RELEASE\spring-test-4.2.7.RELEASE.jar;D:\MinistryofEducation\apache-maven-3.5.0\.m2\repository\commons-collections\commons-collections\3.2.2\commons-collections-3.2.2.jar;D:\MinistryofEducation\apache-maven-3.5.0\.m2\repository\com\google\code\gson\gson\2.8.0\gson-2.8.0.jar;D:\MinistryofEducation\apache-maven-3.5.0\.m2\repository\com\atomikos\transactions-jdbc\3.9.3\transactions-jdbc-3.9.3.jar;D:\MinistryofEducation\apache-maven-3.5.0\.m2\repository\com\atomikos\transactions-jta\3.9.3\transactions-jta-3.9.3.jar;D:\MinistryofEducation\apache-maven-3.5.0\.m2\repository\com\atomikos\transactions\3.9.3\transactions-3.9.3.jar;D:\MinistryofEducation\apache-maven-3.5.0\.m2\repository\com\atomikos\transactions-api\3.9.3\transactions-api-3.9.3.jar;D:\MinistryofEducation\apache-maven-3.5.0\.m2\repository\com\atomikos\atomikos-util\3.9.3\atomikos-util-3.9.3.jar;D:\MinistryofEducation\apache-maven-3.5.0\.m2\repository\com\mchange\c3p0\0.9.5.1\c3p0-0.9.5.1.jar;D:\MinistryofEducation\apache-maven-3.5.0\.m2\repository\com\mchange\mchange-commons-java\0.2.10\mchange-commons-java-0.2.10.jar;D:\MinistryofEducation\apache-maven-3.5.0\.m2\repository\org\antlr\antlr-runtime\3.5.2\antlr-runtime-3.5.2.jar;D:\MinistryofEducation\apache-maven-3.5.0\.m2\repository\javax\javaee-api\7.0\javaee-api-7.0.jar;D:\MinistryofEducation\apache-maven-3.5.0\.m2\repository\com\sun\mail\javax.mail\1.5.5\javax.mail-1.5.5.jar;D:\MinistryofEducation\apache-maven-3.5.0\.m2\repository\javax\activation\activation\1.1\activation-1.1.jar;D:\MinistryofEducation\apache-maven-3.5.0\.m2\repository\cglib\cglib\3.1\cglib-3.1.jar;D:\MinistryofEducation\apache-maven-3.5.0\.m2\repository\org\ow2\asm\asm\4.2\asm-4.2.jar;D:\MinistryofEducation\apache-maven-3.5.0\.m2\repository\junit\junit\4.12\junit-4.12.jar;D:\MinistryofEducation\apache-maven-3.5.0\.m2\repository\mysql\mysql-connector-java\5.1.38\mysql-connector-java-5.1.38.jar;D:\MinistryofEducation\apache-maven-3.5.0\.m2\repository\org\postgresql\postgresql\9.4.1212.jre7\postgresql-9.4.1212.jre7.jar;D:\MinistryofEducation\apache-maven-3.5.0\.m2\repository\io\springfox\springfox-swagger2\2.5.0\springfox-swagger2-2.5.0.jar;D:\MinistryofEducation\apache-maven-3.5.0\.m2\repository\io\swagger\swagger-annotations\1.5.9\swagger-annotations-1.5.9.jar;D:\MinistryofEducation\apache-maven-3.5.0\.m2\repository\io\swagger\swagger-models\1.5.9\swagger-models-1.5.9.jar;D:\MinistryofEducation\apache-maven-3.5.0\.m2\repository\io\springfox\springfox-spi\2.5.0\springfox-spi-2.5.0.jar;D:\MinistryofEducation\apache-maven-3.5.0\.m2\repository\io\springfox\springfox-core\2.5.0\springfox-core-2.5.0.jar;D:\MinistryofEducation\apache-maven-3.5.0\.m2\repository\io\springfox\springfox-schema\2.5.0\springfox-schema-2.5.0.jar;D:\MinistryofEducation\apache-maven-3.5.0\.m2\repository\io\springfox\springfox-swagger-common\2.5.0\springfox-swagger-common-2.5.0.jar;D:\MinistryofEducation\apache-maven-3.5.0\.m2\repository\io\springfox\springfox-spring-web\2.5.0\springfox-spring-web-2.5.0.jar;D:\MinistryofEducation\apache-maven-3.5.0\.m2\repository\com\google\guava\guava\18.0\guava-18.0.jar;D:\MinistryofEducation\apache-maven-3.5.0\.m2\repository\com\fasterxml\classmate\1.3.1\classmate-1.3.1.jar;D:\MinistryofEducation\apache-maven-3.5.0\.m2\repository\org\slf4j\slf4j-api\1.7.21\slf4j-api-1.7.21.jar;D:\MinistryofEducation\apache-maven-3.5.0\.m2\repository\org\springframework\plugin\spring-plugin-core\1.2.0.RELEASE\spring-plugin-core-1.2.0.RELEASE.jar;D:\MinistryofEducation\apache-maven-3.5.0\.m2\repository\org\springframework\plugin\spring-plugin-metadata\1.2.0.RELEASE\spring-plugin-metadata-1.2.0.RELEASE.jar;D:\MinistryofEducation\apache-maven-3.5.0\.m2\repository\org\mapstruct\mapstruct\1.0.0.Final\mapstruct-1.0.0.Final.jar;D:\MinistryofEducation\apache-maven-3.5.0\.m2\repository\io\springfox\springfox-swagger-ui\2.5.0\springfox-swagger-ui-2.5.0.jar;D:\MinistryofEducation\apache-maven-3.5.0\.m2\repository\io\springfox\springfox-staticdocs\2.5.0\springfox-staticdocs-2.5.0.jar;D:\MinistryofEducation\apache-maven-3.5.0\.m2\repository\io\github\robwin\swagger2markup\0.9.2\swagger2markup-0.9.2.jar;D:\MinistryofEducation\apache-maven-3.5.0\.m2\repository\io\github\robwin\markup-document-builder\0.1.5\markup-document-builder-0.1.5.jar;D:\MinistryofEducation\apache-maven-3.5.0\.m2\repository\io\swagger\swagger-compat-spec-parser\1.0.13\swagger-compat-spec-parser-1.0.13.jar;D:\MinistryofEducation\apache-maven-3.5.0\.m2\repository\io\swagger\swagger-core\1.5.4\swagger-core-1.5.4.jar;D:\MinistryofEducation\apache-maven-3.5.0\.m2\repository\org\apache\commons\commons-lang3\3.2.1\commons-lang3-3.2.1.jar;D:\MinistryofEducation\apache-maven-3.5.0\.m2\repository\com\fasterxml\jackson\datatype\jackson-datatype-joda\2.6.7\jackson-datatype-joda-2.6.7.jar;D:\MinistryofEducation\apache-maven-3.5.0\.m2\repository\com\fasterxml\jackson\dataformat\jackson-dataformat-yaml\2.6.7\jackson-dataformat-yaml-2.6.7.jar;D:\MinistryofEducation\apache-maven-3.5.0\.m2\repository\io\swagger\swagger-parser\1.0.13\swagger-parser-1.0.13.jar;D:\MinistryofEducation\apache-maven-3.5.0\.m2\repository\org\slf4j\slf4j-ext\1.6.3\slf4j-ext-1.6.3.jar;D:\MinistryofEducation\apache-maven-3.5.0\.m2\repository\ch\qos\cal10n\cal10n-api\0.7.4\cal10n-api-0.7.4.jar;D:\MinistryofEducation\apache-maven-3.5.0\.m2\repository\com\github\fge\json-schema-validator\2.2.3\json-schema-validator-2.2.3.jar;D:\MinistryofEducation\apache-maven-3.5.0\.m2\repository\joda-time\joda-time\2.8.2\joda-time-2.8.2.jar;D:\MinistryofEducation\apache-maven-3.5.0\.m2\repository\com\github\fge\json-schema-core\1.2.1\json-schema-core-1.2.1.jar;D:\MinistryofEducation\apache-maven-3.5.0\.m2\repository\com\github\fge\uri-template\0.9\uri-template-0.9.jar;D:\MinistryofEducation\apache-maven-3.5.0\.m2\repository\org\mozilla\rhino\1.7R4\rhino-1.7R4.jar;D:\MinistryofEducation\apache-maven-3.5.0\.m2\repository\com\googlecode\libphonenumber\libphonenumber\6.0\libphonenumber-6.0.jar;D:\MinistryofEducation\apache-maven-3.5.0\.m2\repository\javax\mail\mailapi\1.4.3\mailapi-1.4.3.jar;D:\MinistryofEducation\apache-maven-3.5.0\.m2\repository\com\google\code\findbugs\jsr305\2.0.1\jsr305-2.0.1.jar;D:\MinistryofEducation\apache-maven-3.5.0\.m2\repository\net\sf\jopt-simple\jopt-simple\4.6\jopt-simple-4.6.jar;D:\MinistryofEducation\apache-maven-3.5.0\.m2\repository\com\github\fge\json-patch\1.6\json-patch-1.6.jar;D:\MinistryofEducation\apache-maven-3.5.0\.m2\repository\com\github\fge\jackson-coreutils\1.6\jackson-coreutils-1.6.jar;D:\MinistryofEducation\apache-maven-3.5.0\.m2\repository\com\github\fge\msg-simple\1.1\msg-simple-1.1.jar;D:\MinistryofEducation\apache-maven-3.5.0\.m2\repository\com\github\fge\btf\1.2\btf-1.2.jar;D:\MinistryofEducation\apache-maven-3.5.0\.m2\repository\org\apache\httpcomponents\httpclient\4.5.2\httpclient-4.5.2.jar;D:\MinistryofEducation\apache-maven-3.5.0\.m2\repository\org\apache\httpcomponents\httpcore\4.4.5\httpcore-4.4.5.jar;D:\MinistryofEducation\apache-maven-3.5.0\.m2\repository\commons-io\commons-io\2.4\commons-io-2.4.jar;D:\MinistryofEducation\apache-maven-3.5.0\.m2\repository\net\sf\opencsv\opencsv\2.3\opencsv-2.3.jar;D:\MinistryofEducation\apache-maven-3.5.0\.m2\repository\org\mybatis\spring\boot\mybatis-spring-boot-starter\1.0.0\mybatis-spring-boot-starter-1.0.0.jar;D:\MinistryofEducation\apache-maven-3.5.0\.m2\repository\org\mybatis\spring\boot\mybatis-spring-boot-autoconfigure\1.0.0\mybatis-spring-boot-autoconfigure-1.0.0.jar;D:\MinistryofEducation\apache-maven-3.5.0\.m2\repository\org\mybatis\mybatis\3.3.0\mybatis-3.3.0.jar;D:\MinistryofEducation\apache-maven-3.5.0\.m2\repository\org\mybatis\mybatis-spring\1.2.3\mybatis-spring-1.2.3.jar;D:\MinistryofEducation\apache-maven-3.5.0\.m2\repository\com\h2database\h2\1.4.192\h2-1.4.192.jar;D:\MinistryofEducation\apache-maven-3.5.0\.m2\repository\tk\mybatis\mapper\3.3.6\mapper-3.3.6.jar;D:\MinistryofEducation\apache-maven-3.5.0\.m2\repository\javax\persistence\persistence-api\1.0\persistence-api-1.0.jar;D:\MinistryofEducation\apache-maven-3.5.0\.m2\repository\com\github\pagehelper\pagehelper\4.1.0\pagehelper-4.1.0.jar;D:\MinistryofEducation\apache-maven-3.5.0\.m2\repository\com\github\jsqlparser\jsqlparser\0.9.4\jsqlparser-0.9.4.jar;D:\MinistryofEducation\apache-maven-3.5.0\.m2\repository\net\sf\json-lib\json-lib\2.3\json-lib-2.3-jdk15.jar;D:\MinistryofEducation\apache-maven-3.5.0\.m2\repository\commons-lang\commons-lang\2.4\commons-lang-2.4.jar;D:\MinistryofEducation\apache-maven-3.5.0\.m2\repository\commons-logging\commons-logging\1.1.1\commons-logging-1.1.1.jar;D:\MinistryofEducation\apache-maven-3.5.0\.m2\repository\net\sf\ezmorph\ezmorph\1.0.6\ezmorph-1.0.6.jar;D:\MinistryofEducation\apache-maven-3.5.0\.m2\repository\com\topsec\tsm\topsec-tsmuibase\1.0\topsec-tsmuibase-1.0.jar;D:\MinistryofEducation\apache-maven-3.5.0\.m2\repository\org\springframework\boot\spring-boot-maven-plugin\1.5.9.RELEASE\spring-boot-maven-plugin-1.5.9.RELEASE.jar;D:\MinistryofEducation\apache-maven-3.5.0\.m2\repository\commons-codec\commons-codec\1.9\commons-codec-1.9.jar;D:\MinistryofEducation\apache-maven-3.5.0\.m2\repository\org\apache\maven\surefire\surefire-junit4\2.7\surefire-junit4-2.7.jar;D:\MinistryofEducation\apache-maven-3.5.0\.m2\repository\org\apache\maven\surefire\surefire-api\2.7\surefire-api-2.7.jar;"/>
    <property name="java.specification.name" value="Java Platform API Specification"/>
    <property name="java.class.version" value="52.0"/>
    <property name="sun.management.compiler" value="HotSpot Client Compiler"/>
    <property name="maven.repo.local" value="D:\MinistryofEducation\apache-maven-3.5.0\.m2\repository"/>
    <property name="os.version" value="10.0"/>
    <property name="user.home" value="C:\Users\zhang"/>
    <property name="user.timezone" value="Asia/Shanghai"/>
    <property name="java.awt.printerjob" value="sun.awt.windows.WPrinterJob"/>
    <property name="java.specification.version" value="1.8"/>
    <property name="file.encoding" value="GBK"/>
    <property name="user.name" value="zhang"/>
    <property name="java.class.path" value="D:\MinistryofEducation\DataAnalysis\newWork\newtest\myApp\target\test-classes;D:\MinistryofEducation\DataAnalysis\newWork\newtest\myApp\target\classes;D:\MinistryofEducation\apache-maven-3.5.0\.m2\repository\com\topsec\tsm\topsec-tsmbase\1.0\topsec-tsmbase-1.0.jar;D:\MinistryofEducation\apache-maven-3.5.0\.m2\repository\org\springframework\boot\spring-boot-starter-web\1.5.9.RELEASE\spring-boot-starter-web-1.5.9.RELEASE.jar;D:\MinistryofEducation\apache-maven-3.5.0\.m2\repository\org\springframework\boot\spring-boot-starter\1.3.6.RELEASE\spring-boot-starter-1.3.6.RELEASE.jar;D:\MinistryofEducation\apache-maven-3.5.0\.m2\repository\org\springframework\boot\spring-boot-starter-logging\1.3.6.RELEASE\spring-boot-starter-logging-1.3.6.RELEASE.jar;D:\MinistryofEducation\apache-maven-3.5.0\.m2\repository\ch\qos\logback\logback-classic\1.1.7\logback-classic-1.1.7.jar;D:\MinistryofEducation\apache-maven-3.5.0\.m2\repository\ch\qos\logback\logback-core\1.1.7\logback-core-1.1.7.jar;D:\MinistryofEducation\apache-maven-3.5.0\.m2\repository\org\slf4j\jul-to-slf4j\1.7.21\jul-to-slf4j-1.7.21.jar;D:\MinistryofEducation\apache-maven-3.5.0\.m2\repository\org\slf4j\log4j-over-slf4j\1.7.21\log4j-over-slf4j-1.7.21.jar;D:\MinistryofEducation\apache-maven-3.5.0\.m2\repository\org\yaml\snakeyaml\1.16\snakeyaml-1.16.jar;D:\MinistryofEducation\apache-maven-3.5.0\.m2\repository\org\hibernate\hibernate-validator\5.2.4.Final\hibernate-validator-5.2.4.Final.jar;D:\MinistryofEducation\apache-maven-3.5.0\.m2\repository\javax\validation\validation-api\1.1.0.Final\validation-api-1.1.0.Final.jar;D:\MinistryofEducation\apache-maven-3.5.0\.m2\repository\org\jboss\logging\jboss-logging\3.3.0.Final\jboss-logging-3.3.0.Final.jar;D:\MinistryofEducation\apache-maven-3.5.0\.m2\repository\com\fasterxml\jackson\core\jackson-databind\2.6.7\jackson-databind-2.6.7.jar;D:\MinistryofEducation\apache-maven-3.5.0\.m2\repository\com\fasterxml\jackson\core\jackson-annotations\2.6.7\jackson-annotations-2.6.7.jar;D:\MinistryofEducation\apache-maven-3.5.0\.m2\repository\com\fasterxml\jackson\core\jackson-core\2.6.7\jackson-core-2.6.7.jar;D:\MinistryofEducation\apache-maven-3.5.0\.m2\repository\org\springframework\spring-web\4.2.7.RELEASE\spring-web-4.2.7.RELEASE.jar;D:\MinistryofEducation\apache-maven-3.5.0\.m2\repository\org\springframework\spring-beans\4.2.7.RELEASE\spring-beans-4.2.7.RELEASE.jar;D:\MinistryofEducation\apache-maven-3.5.0\.m2\repository\org\springframework\spring-webmvc\4.2.7.RELEASE\spring-webmvc-4.2.7.RELEASE.jar;D:\MinistryofEducation\apache-maven-3.5.0\.m2\repository\org\springframework\spring-expression\4.2.7.RELEASE\spring-expression-4.2.7.RELEASE.jar;D:\MinistryofEducation\apache-maven-3.5.0\.m2\repository\commons-beanutils\commons-beanutils\1.9.2\commons-beanutils-1.9.2.jar;D:\MinistryofEducation\apache-maven-3.5.0\.m2\repository\org\springframework\boot\spring-boot-starter-data-jpa\1.3.6.RELEASE\spring-boot-starter-data-jpa-1.3.6.RELEASE.jar;D:\MinistryofEducation\apache-maven-3.5.0\.m2\repository\org\springframework\boot\spring-boot-starter-aop\1.3.6.RELEASE\spring-boot-starter-aop-1.3.6.RELEASE.jar;D:\MinistryofEducation\apache-maven-3.5.0\.m2\repository\org\aspectj\aspectjweaver\1.8.9\aspectjweaver-1.8.9.jar;D:\MinistryofEducation\apache-maven-3.5.0\.m2\repository\org\springframework\boot\spring-boot-starter-jdbc\1.3.6.RELEASE\spring-boot-starter-jdbc-1.3.6.RELEASE.jar;D:\MinistryofEducation\apache-maven-3.5.0\.m2\repository\org\apache\tomcat\tomcat-jdbc\8.0.36\tomcat-jdbc-8.0.36.jar;D:\MinistryofEducation\apache-maven-3.5.0\.m2\repository\org\apache\tomcat\tomcat-juli\8.0.36\tomcat-juli-8.0.36.jar;D:\MinistryofEducation\apache-maven-3.5.0\.m2\repository\org\springframework\spring-jdbc\4.2.7.RELEASE\spring-jdbc-4.2.7.RELEASE.jar;D:\MinistryofEducation\apache-maven-3.5.0\.m2\repository\org\hibernate\hibernate-entitymanager\4.3.11.Final\hibernate-entitymanager-4.3.11.Final.jar;D:\MinistryofEducation\apache-maven-3.5.0\.m2\repository\org\jboss\logging\jboss-logging-annotations\1.2.0.Beta1\jboss-logging-annotations-1.2.0.Beta1.jar;D:\MinistryofEducation\apache-maven-3.5.0\.m2\repository\org\hibernate\hibernate-core\4.3.11.Final\hibernate-core-4.3.11.Final.jar;D:\MinistryofEducation\apache-maven-3.5.0\.m2\repository\antlr\antlr\2.7.7\antlr-2.7.7.jar;D:\MinistryofEducation\apache-maven-3.5.0\.m2\repository\org\jboss\jandex\1.1.0.Final\jandex-1.1.0.Final.jar;D:\MinistryofEducation\apache-maven-3.5.0\.m2\repository\dom4j\dom4j\1.6.1\dom4j-1.6.1.jar;D:\MinistryofEducation\apache-maven-3.5.0\.m2\repository\xml-apis\xml-apis\1.0.b2\xml-apis-1.0.b2.jar;D:\MinistryofEducation\apache-maven-3.5.0\.m2\repository\org\hibernate\common\hibernate-commons-annotations\4.0.5.Final\hibernate-commons-annotations-4.0.5.Final.jar;D:\MinistryofEducation\apache-maven-3.5.0\.m2\repository\org\hibernate\javax\persistence\hibernate-jpa-2.1-api\1.0.0.Final\hibernate-jpa-2.1-api-1.0.0.Final.jar;D:\MinistryofEducation\apache-maven-3.5.0\.m2\repository\org\javassist\javassist\3.18.1-GA\javassist-3.18.1-GA.jar;D:\MinistryofEducation\apache-maven-3.5.0\.m2\repository\javax\transaction\javax.transaction-api\1.2\javax.transaction-api-1.2.jar;D:\MinistryofEducation\apache-maven-3.5.0\.m2\repository\org\springframework\data\spring-data-jpa\1.9.4.RELEASE\spring-data-jpa-1.9.4.RELEASE.jar;D:\MinistryofEducation\apache-maven-3.5.0\.m2\repository\org\springframework\data\spring-data-commons\1.11.4.RELEASE\spring-data-commons-1.11.4.RELEASE.jar;D:\MinistryofEducation\apache-maven-3.5.0\.m2\repository\org\springframework\spring-orm\4.2.7.RELEASE\spring-orm-4.2.7.RELEASE.jar;D:\MinistryofEducation\apache-maven-3.5.0\.m2\repository\org\springframework\spring-tx\4.2.7.RELEASE\spring-tx-4.2.7.RELEASE.jar;D:\MinistryofEducation\apache-maven-3.5.0\.m2\repository\org\slf4j\jcl-over-slf4j\1.7.21\jcl-over-slf4j-1.7.21.jar;D:\MinistryofEducation\apache-maven-3.5.0\.m2\repository\org\springframework\spring-aspects\4.2.7.RELEASE\spring-aspects-4.2.7.RELEASE.jar;D:\MinistryofEducation\apache-maven-3.5.0\.m2\repository\org\springframework\boot\spring-boot-starter-websocket\1.3.6.RELEASE\spring-boot-starter-websocket-1.3.6.RELEASE.jar;D:\MinistryofEducation\apache-maven-3.5.0\.m2\repository\org\springframework\spring-messaging\4.2.7.RELEASE\spring-messaging-4.2.7.RELEASE.jar;D:\MinistryofEducation\apache-maven-3.5.0\.m2\repository\org\springframework\spring-websocket\4.2.7.RELEASE\spring-websocket-4.2.7.RELEASE.jar;D:\MinistryofEducation\apache-maven-3.5.0\.m2\repository\org\springframework\boot\spring-boot-actuator\1.3.6.RELEASE\spring-boot-actuator-1.3.6.RELEASE.jar;D:\MinistryofEducation\apache-maven-3.5.0\.m2\repository\org\springframework\boot\spring-boot\1.3.6.RELEASE\spring-boot-1.3.6.RELEASE.jar;D:\MinistryofEducation\apache-maven-3.5.0\.m2\repository\org\springframework\boot\spring-boot-autoconfigure\1.3.6.RELEASE\spring-boot-autoconfigure-1.3.6.RELEASE.jar;D:\MinistryofEducation\apache-maven-3.5.0\.m2\repository\org\springframework\spring-core\4.2.7.RELEASE\spring-core-4.2.7.RELEASE.jar;D:\MinistryofEducation\apache-maven-3.5.0\.m2\repository\org\springframework\spring-context\4.2.7.RELEASE\spring-context-4.2.7.RELEASE.jar;D:\MinistryofEducation\apache-maven-3.5.0\.m2\repository\org\springframework\boot\spring-boot-starter-security\1.3.6.RELEASE\spring-boot-starter-security-1.3.6.RELEASE.jar;D:\MinistryofEducation\apache-maven-3.5.0\.m2\repository\org\springframework\spring-aop\4.2.7.RELEASE\spring-aop-4.2.7.RELEASE.jar;D:\MinistryofEducation\apache-maven-3.5.0\.m2\repository\aopalliance\aopalliance\1.0\aopalliance-1.0.jar;D:\MinistryofEducation\apache-maven-3.5.0\.m2\repository\org\springframework\security\spring-security-config\4.2.3.RELEASE\spring-security-config-4.2.3.RELEASE.jar;D:\MinistryofEducation\apache-maven-3.5.0\.m2\repository\org\springframework\security\spring-security-core\4.2.3.RELEASE\spring-security-core-4.2.3.RELEASE.jar;D:\MinistryofEducation\apache-maven-3.5.0\.m2\repository\org\springframework\security\spring-security-web\4.2.3.RELEASE\spring-security-web-4.2.3.RELEASE.jar;D:\MinistryofEducation\apache-maven-3.5.0\.m2\repository\org\springframework\boot\spring-boot-starter-test\1.3.6.RELEASE\spring-boot-starter-test-1.3.6.RELEASE.jar;D:\MinistryofEducation\apache-maven-3.5.0\.m2\repository\org\mockito\mockito-core\1.10.19\mockito-core-1.10.19.jar;D:\MinistryofEducation\apache-maven-3.5.0\.m2\repository\org\objenesis\objenesis\2.1\objenesis-2.1.jar;D:\MinistryofEducation\apache-maven-3.5.0\.m2\repository\org\hamcrest\hamcrest-core\1.3\hamcrest-core-1.3.jar;D:\MinistryofEducation\apache-maven-3.5.0\.m2\repository\org\hamcrest\hamcrest-library\1.3\hamcrest-library-1.3.jar;D:\MinistryofEducation\apache-maven-3.5.0\.m2\repository\org\springframework\spring-test\4.2.7.RELEASE\spring-test-4.2.7.RELEASE.jar;D:\MinistryofEducation\apache-maven-3.5.0\.m2\repository\commons-collections\commons-collections\3.2.2\commons-collections-3.2.2.jar;D:\MinistryofEducation\apache-maven-3.5.0\.m2\repository\com\google\code\gson\gson\2.8.0\gson-2.8.0.jar;D:\MinistryofEducation\apache-maven-3.5.0\.m2\repository\com\atomikos\transactions-jdbc\3.9.3\transactions-jdbc-3.9.3.jar;D:\MinistryofEducation\apache-maven-3.5.0\.m2\repository\com\atomikos\transactions-jta\3.9.3\transactions-jta-3.9.3.jar;D:\MinistryofEducation\apache-maven-3.5.0\.m2\repository\com\atomikos\transactions\3.9.3\transactions-3.9.3.jar;D:\MinistryofEducation\apache-maven-3.5.0\.m2\repository\com\atomikos\transactions-api\3.9.3\transactions-api-3.9.3.jar;D:\MinistryofEducation\apache-maven-3.5.0\.m2\repository\com\atomikos\atomikos-util\3.9.3\atomikos-util-3.9.3.jar;D:\MinistryofEducation\apache-maven-3.5.0\.m2\repository\com\mchange\c3p0\0.9.5.1\c3p0-0.9.5.1.jar;D:\MinistryofEducation\apache-maven-3.5.0\.m2\repository\com\mchange\mchange-commons-java\0.2.10\mchange-commons-java-0.2.10.jar;D:\MinistryofEducation\apache-maven-3.5.0\.m2\repository\org\antlr\antlr-runtime\3.5.2\antlr-runtime-3.5.2.jar;D:\MinistryofEducation\apache-maven-3.5.0\.m2\repository\javax\javaee-api\7.0\javaee-api-7.0.jar;D:\MinistryofEducation\apache-maven-3.5.0\.m2\repository\com\sun\mail\javax.mail\1.5.5\javax.mail-1.5.5.jar;D:\MinistryofEducation\apache-maven-3.5.0\.m2\repository\javax\activation\activation\1.1\activation-1.1.jar;D:\MinistryofEducation\apache-maven-3.5.0\.m2\repository\cglib\cglib\3.1\cglib-3.1.jar;D:\MinistryofEducation\apache-maven-3.5.0\.m2\repository\org\ow2\asm\asm\4.2\asm-4.2.jar;D:\MinistryofEducation\apache-maven-3.5.0\.m2\repository\junit\junit\4.12\junit-4.12.jar;D:\MinistryofEducation\apache-maven-3.5.0\.m2\repository\mysql\mysql-connector-java\5.1.38\mysql-connector-java-5.1.38.jar;D:\MinistryofEducation\apache-maven-3.5.0\.m2\repository\org\postgresql\postgresql\9.4.1212.jre7\postgresql-9.4.1212.jre7.jar;D:\MinistryofEducation\apache-maven-3.5.0\.m2\repository\io\springfox\springfox-swagger2\2.5.0\springfox-swagger2-2.5.0.jar;D:\MinistryofEducation\apache-maven-3.5.0\.m2\repository\io\swagger\swagger-annotations\1.5.9\swagger-annotations-1.5.9.jar;D:\MinistryofEducation\apache-maven-3.5.0\.m2\repository\io\swagger\swagger-models\1.5.9\swagger-models-1.5.9.jar;D:\MinistryofEducation\apache-maven-3.5.0\.m2\repository\io\springfox\springfox-spi\2.5.0\springfox-spi-2.5.0.jar;D:\MinistryofEducation\apache-maven-3.5.0\.m2\repository\io\springfox\springfox-core\2.5.0\springfox-core-2.5.0.jar;D:\MinistryofEducation\apache-maven-3.5.0\.m2\repository\io\springfox\springfox-schema\2.5.0\springfox-schema-2.5.0.jar;D:\MinistryofEducation\apache-maven-3.5.0\.m2\repository\io\springfox\springfox-swagger-common\2.5.0\springfox-swagger-common-2.5.0.jar;D:\MinistryofEducation\apache-maven-3.5.0\.m2\repository\io\springfox\springfox-spring-web\2.5.0\springfox-spring-web-2.5.0.jar;D:\MinistryofEducation\apache-maven-3.5.0\.m2\repository\com\google\guava\guava\18.0\guava-18.0.jar;D:\MinistryofEducation\apache-maven-3.5.0\.m2\repository\com\fasterxml\classmate\1.3.1\classmate-1.3.1.jar;D:\MinistryofEducation\apache-maven-3.5.0\.m2\repository\org\slf4j\slf4j-api\1.7.21\slf4j-api-1.7.21.jar;D:\MinistryofEducation\apache-maven-3.5.0\.m2\repository\org\springframework\plugin\spring-plugin-core\1.2.0.RELEASE\spring-plugin-core-1.2.0.RELEASE.jar;D:\MinistryofEducation\apache-maven-3.5.0\.m2\repository\org\springframework\plugin\spring-plugin-metadata\1.2.0.RELEASE\spring-plugin-metadata-1.2.0.RELEASE.jar;D:\MinistryofEducation\apache-maven-3.5.0\.m2\repository\org\mapstruct\mapstruct\1.0.0.Final\mapstruct-1.0.0.Final.jar;D:\MinistryofEducation\apache-maven-3.5.0\.m2\repository\io\springfox\springfox-swagger-ui\2.5.0\springfox-swagger-ui-2.5.0.jar;D:\MinistryofEducation\apache-maven-3.5.0\.m2\repository\io\springfox\springfox-staticdocs\2.5.0\springfox-staticdocs-2.5.0.jar;D:\MinistryofEducation\apache-maven-3.5.0\.m2\repository\io\github\robwin\swagger2markup\0.9.2\swagger2markup-0.9.2.jar;D:\MinistryofEducation\apache-maven-3.5.0\.m2\repository\io\github\robwin\markup-document-builder\0.1.5\markup-document-builder-0.1.5.jar;D:\MinistryofEducation\apache-maven-3.5.0\.m2\repository\io\swagger\swagger-compat-spec-parser\1.0.13\swagger-compat-spec-parser-1.0.13.jar;D:\MinistryofEducation\apache-maven-3.5.0\.m2\repository\io\swagger\swagger-core\1.5.4\swagger-core-1.5.4.jar;D:\MinistryofEducation\apache-maven-3.5.0\.m2\repository\org\apache\commons\commons-lang3\3.2.1\commons-lang3-3.2.1.jar;D:\MinistryofEducation\apache-maven-3.5.0\.m2\repository\com\fasterxml\jackson\datatype\jackson-datatype-joda\2.6.7\jackson-datatype-joda-2.6.7.jar;D:\MinistryofEducation\apache-maven-3.5.0\.m2\repository\com\fasterxml\jackson\dataformat\jackson-dataformat-yaml\2.6.7\jackson-dataformat-yaml-2.6.7.jar;D:\MinistryofEducation\apache-maven-3.5.0\.m2\repository\io\swagger\swagger-parser\1.0.13\swagger-parser-1.0.13.jar;D:\MinistryofEducation\apache-maven-3.5.0\.m2\repository\org\slf4j\slf4j-ext\1.6.3\slf4j-ext-1.6.3.jar;D:\MinistryofEducation\apache-maven-3.5.0\.m2\repository\ch\qos\cal10n\cal10n-api\0.7.4\cal10n-api-0.7.4.jar;D:\MinistryofEducation\apache-maven-3.5.0\.m2\repository\com\github\fge\json-schema-validator\2.2.3\json-schema-validator-2.2.3.jar;D:\MinistryofEducation\apache-maven-3.5.0\.m2\repository\joda-time\joda-time\2.8.2\joda-time-2.8.2.jar;D:\MinistryofEducation\apache-maven-3.5.0\.m2\repository\com\github\fge\json-schema-core\1.2.1\json-schema-core-1.2.1.jar;D:\MinistryofEducation\apache-maven-3.5.0\.m2\repository\com\github\fge\uri-template\0.9\uri-template-0.9.jar;D:\MinistryofEducation\apache-maven-3.5.0\.m2\repository\org\mozilla\rhino\1.7R4\rhino-1.7R4.jar;D:\MinistryofEducation\apache-maven-3.5.0\.m2\repository\com\googlecode\libphonenumber\libphonenumber\6.0\libphonenumber-6.0.jar;D:\MinistryofEducation\apache-maven-3.5.0\.m2\repository\javax\mail\mailapi\1.4.3\mailapi-1.4.3.jar;D:\MinistryofEducation\apache-maven-3.5.0\.m2\repository\com\google\code\findbugs\jsr305\2.0.1\jsr305-2.0.1.jar;D:\MinistryofEducation\apache-maven-3.5.0\.m2\repository\net\sf\jopt-simple\jopt-simple\4.6\jopt-simple-4.6.jar;D:\MinistryofEducation\apache-maven-3.5.0\.m2\repository\com\github\fge\json-patch\1.6\json-patch-1.6.jar;D:\MinistryofEducation\apache-maven-3.5.0\.m2\repository\com\github\fge\jackson-coreutils\1.6\jackson-coreutils-1.6.jar;D:\MinistryofEducation\apache-maven-3.5.0\.m2\repository\com\github\fge\msg-simple\1.1\msg-simple-1.1.jar;D:\MinistryofEducation\apache-maven-3.5.0\.m2\repository\com\github\fge\btf\1.2\btf-1.2.jar;D:\MinistryofEducation\apache-maven-3.5.0\.m2\repository\org\apache\httpcomponents\httpclient\4.5.2\httpclient-4.5.2.jar;D:\MinistryofEducation\apache-maven-3.5.0\.m2\repository\org\apache\httpcomponents\httpcore\4.4.5\httpcore-4.4.5.jar;D:\MinistryofEducation\apache-maven-3.5.0\.m2\repository\commons-io\commons-io\2.4\commons-io-2.4.jar;D:\MinistryofEducation\apache-maven-3.5.0\.m2\repository\net\sf\opencsv\opencsv\2.3\opencsv-2.3.jar;D:\MinistryofEducation\apache-maven-3.5.0\.m2\repository\org\mybatis\spring\boot\mybatis-spring-boot-starter\1.0.0\mybatis-spring-boot-starter-1.0.0.jar;D:\MinistryofEducation\apache-maven-3.5.0\.m2\repository\org\mybatis\spring\boot\mybatis-spring-boot-autoconfigure\1.0.0\mybatis-spring-boot-autoconfigure-1.0.0.jar;D:\MinistryofEducation\apache-maven-3.5.0\.m2\repository\org\mybatis\mybatis\3.3.0\mybatis-3.3.0.jar;D:\MinistryofEducation\apache-maven-3.5.0\.m2\repository\org\mybatis\mybatis-spring\1.2.3\mybatis-spring-1.2.3.jar;D:\MinistryofEducation\apache-maven-3.5.0\.m2\repository\com\h2database\h2\1.4.192\h2-1.4.192.jar;D:\MinistryofEducation\apache-maven-3.5.0\.m2\repository\tk\mybatis\mapper\3.3.6\mapper-3.3.6.jar;D:\MinistryofEducation\apache-maven-3.5.0\.m2\repository\javax\persistence\persistence-api\1.0\persistence-api-1.0.jar;D:\MinistryofEducation\apache-maven-3.5.0\.m2\repository\com\github\pagehelper\pagehelper\4.1.0\pagehelper-4.1.0.jar;D:\MinistryofEducation\apache-maven-3.5.0\.m2\repository\com\github\jsqlparser\jsqlparser\0.9.4\jsqlparser-0.9.4.jar;D:\MinistryofEducation\apache-maven-3.5.0\.m2\repository\net\sf\json-lib\json-lib\2.3\json-lib-2.3-jdk15.jar;D:\MinistryofEducation\apache-maven-3.5.0\.m2\repository\commons-lang\commons-lang\2.4\commons-lang-2.4.jar;D:\MinistryofEducation\apache-maven-3.5.0\.m2\repository\commons-logging\commons-logging\1.1.1\commons-logging-1.1.1.jar;D:\MinistryofEducation\apache-maven-3.5.0\.m2\repository\net\sf\ezmorph\ezmorph\1.0.6\ezmorph-1.0.6.jar;D:\MinistryofEducation\apache-maven-3.5.0\.m2\repository\com\topsec\tsm\topsec-tsmuibase\1.0\topsec-tsmuibase-1.0.jar;D:\MinistryofEducation\apache-maven-3.5.0\.m2\repository\org\springframework\boot\spring-boot-maven-plugin\1.5.9.RELEASE\spring-boot-maven-plugin-1.5.9.RELEASE.jar;D:\MinistryofEducation\apache-maven-3.5.0\.m2\repository\commons-codec\commons-codec\1.9\commons-codec-1.9.jar;D:\MinistryofEducation\apache-maven-3.5.0\.m2\repository\org\apache\maven\surefire\surefire-junit4\2.7\surefire-junit4-2.7.jar;D:\MinistryofEducation\apache-maven-3.5.0\.m2\repository\org\apache\maven\surefire\surefire-api\2.7\surefire-api-2.7.jar;"/>
    <property name="java.vm.specification.version" value="1.8"/>
    <property name="sun.arch.data.model" value="32"/>
    <property name="java.home" value="C:\Program Files (x86)\Java\jdk1.8.0_65\jre"/>
    <property name="sun.java.command" value="D:\MinistryofEducation\DataAnalysis\newWork\newtest\myApp\target\surefire\surefirebooter6425947739223320337.jar D:\MinistryofEducation\DataAnalysis\newWork\newtest\myApp\target\surefire\surefire1999136726565177120tmp D:\MinistryofEducation\DataAnalysis\newWork\newtest\myApp\target\surefire\surefire8743306608984524246tmp"/>
    <property name="java.specification.vendor" value="Oracle Corporation"/>
    <property name="user.language" value="zh"/>
    <property name="awt.toolkit" value="sun.awt.windows.WToolkit"/>
    <property name="java.vm.info" value="mixed mode"/>
    <property name="java.version" value="1.8.0_65"/>
    <property name="java.ext.dirs" value="C:\Program Files (x86)\Java\jdk1.8.0_65\jre\lib\ext;C:\WINDOWS\Sun\Java\lib\ext"/>
    <property name="sun.boot.class.path" value="C:\Program Files (x86)\Java\jdk1.8.0_65\jre\lib\resources.jar;C:\Program Files (x86)\Java\jdk1.8.0_65\jre\lib\rt.jar;C:\Program Files (x86)\Java\jdk1.8.0_65\jre\lib\sunrsasign.jar;C:\Program Files (x86)\Java\jdk1.8.0_65\jre\lib\jsse.jar;C:\Program Files (x86)\Java\jdk1.8.0_65\jre\lib\jce.jar;C:\Program Files (x86)\Java\jdk1.8.0_65\jre\lib\charsets.jar;C:\Program Files (x86)\Java\jdk1.8.0_65\jre\lib\jfr.jar;C:\Program Files (x86)\Java\jdk1.8.0_65\jre\classes"/>
    <property name="java.vendor" value="Oracle Corporation"/>
    <property name="localRepository" value="D:\MinistryofEducation\apache-maven-3.5.0\.m2\repository"/>
    <property name="file.separator" value="\"/>
    <property name="java.vendor.url.bug" value="http://bugreport.sun.com/bugreport/"/>
    <property name="sun.cpu.endian" value="little"/>
    <property name="sun.io.unicode.encoding" value="UnicodeLittle"/>
    <property name="sun.desktop" value="windows"/>
    <property name="sun.cpu.isalist" value="pentium_pro+mmx pentium_pro pentium+mmx pentium i486 i386 i86"/>
  </properties>
  <testcase classname="com.topsec.ti.zxg.support.BitFieldHelperTest" name="test" time="0"/>
</testsuite>